#
# There is insufficient memory for the Java Runtime Environment to continue.
# Native memory allocation (mmap) failed to map 65536 bytes for Failed to commit metaspace.
# Possible reasons:
#   The system is out of physical RAM or swap space
#   The process is running with CompressedOops enabled, and the Java Heap may be blocking the growth of the native heap
# Possible solutions:
#   Reduce memory load on the system
#   Increase physical memory or swap space
#   Check if swap backing store is full
#   Decrease Java heap size (-Xmx/-Xms)
#   Decrease number of Java threads
#   Decrease Java thread stack sizes (-Xss)
#   Set larger code cache with -XX:ReservedCodeCacheSize=
#   JVM is running with Zero Based Compressed Oops mode in which the Java heap is
#     placed in the first 32GB address space. The Java Heap base address is the
#     maximum limit for the native heap growth. Please use -XX:HeapBaseMinAddress
#     to set the Java Heap base and to place the Java Heap above 32GB virtual address.
# This output file may be truncated or incomplete.
#
#  Out of Memory Error (virtualSpaceNode.cpp:110), pid=24664, tid=9280
#
# JRE version: OpenJDK Runtime Environment JBR-17.0.10+1-1087.23-jcef (17.0.10+1) (build 17.0.10+1-b1087.23)
# Java VM: OpenJDK 64-Bit Server VM JBR-17.0.10+1-1087.23-jcef (17.0.10+1-b1087.23, mixed mode, tiered, compressed oops, compressed class ptrs, g1 gc, windows-amd64)
# No core dump will be written. Minidumps are not enabled by default on client versions of Windows
#

---------------  S U M M A R Y ------------

Command Line: git4idea.http.GitAskPassApp Username for 'https://gitee.com': 

Host: 12th Gen Intel(R) Core(TM) i5-12400F, 12 cores, 31G,  Windows 11 , 64 bit Build 22621 (10.0.22621.3235)
Time: Fri Mar 29 11:05:15 2024  Windows 11 , 64 bit Build 22621 (10.0.22621.3235) elapsed time: 0.280179 seconds (0d 0h 0m 0s)

---------------  T H R E A D  ---------------

Current thread (0x000001f91a70c310):  JavaThread "main" [_thread_in_vm, id=9280, stack(0x0000005df8300000,0x0000005df8400000)]

Stack: [0x0000005df8300000,0x0000005df8400000]
Native frames: (J=compiled Java code, j=interpreted, Vv=VM code, C=native code)
V  [jvm.dll+0x688a29]
V  [jvm.dll+0x84216a]
V  [jvm.dll+0x843dae]
V  [jvm.dll+0x844413]
V  [jvm.dll+0x24ba8f]
V  [jvm.dll+0x83d14b]
V  [jvm.dll+0x62d0e6]
V  [jvm.dll+0x62d14a]
V  [jvm.dll+0x62f97a]
V  [jvm.dll+0x62da86]
V  [jvm.dll+0x23f74f]
V  [jvm.dll+0x637935]
V  [jvm.dll+0x1eea1b]
V  [jvm.dll+0x1eef55]
V  [jvm.dll+0x1ef8f5]
V  [jvm.dll+0x1e4d8c]
V  [jvm.dll+0x54d98c]
V  [jvm.dll+0x1f592b]
V  [jvm.dll+0x7ba91b]
V  [jvm.dll+0x7bbd8c]
V  [jvm.dll+0x41d105]
C  [java.dll+0x1a55]

Java frames: (J=compiled Java code, j=interpreted, Vv=VM code)
j  java.lang.ClassLoader.findBootstrapClass(Ljava/lang/String;)Ljava/lang/Class;+0 java.base@17.0.10
j  java.lang.ClassLoader.findBootstrapClassOrNull(Ljava/lang/String;)Ljava/lang/Class;+10 java.base@17.0.10
j  java.lang.System$2.findBootstrapClassOrNull(Ljava/lang/String;)Ljava/lang/Class;+1 java.base@17.0.10
j  jdk.internal.loader.ClassLoaders$BootClassLoader.loadClassOrNull(Ljava/lang/String;Z)Ljava/lang/Class;+4 java.base@17.0.10
j  jdk.internal.loader.BuiltinClassLoader.loadClassOrNull(Ljava/lang/String;)Ljava/lang/Class;+3 java.base@17.0.10
j  jdk.internal.loader.BuiltinClassLoader.loadClassOrNull(Ljava/lang/String;Z)Ljava/lang/Class;+66 java.base@17.0.10
j  jdk.internal.loader.BuiltinClassLoader.loadClass(Ljava/lang/String;Z)Ljava/lang/Class;+3 java.base@17.0.10
j  java.lang.ClassLoader.loadClass(Ljava/lang/String;)Ljava/lang/Class;+3 java.base@17.0.10
v  ~StubRoutines::call_stub
j  sun.security.ec.ed.EdDSAParameters.<clinit>()V+154 jdk.crypto.ec@17.0.10
v  ~StubRoutines::call_stub
j  sun.security.ec.ed.EdDSASignature.<init>(Ljava/security/spec/NamedParameterSpec;)V+33 jdk.crypto.ec@17.0.10
j  sun.security.ec.ed.EdDSASignature$Ed25519.<init>()V+4 jdk.crypto.ec@17.0.10
j  sun.security.ec.SunEC$ProviderService.newInstance(Ljava/lang/Object;)Ljava/lang/Object;+67 jdk.crypto.ec@17.0.10
j  java.security.Signature.isSpi(Ljava/security/Provider$Service;)Z+38 java.base@17.0.10
j  java.security.Signature.getInstance(Ljava/lang/String;)Ljava/security/Signature;+89 java.base@17.0.10
j  sun.security.ssl.SignatureScheme.<init>(Ljava/lang/String;IILjava/lang/String;Ljava/lang/String;Ljava/lang/String;Lsun/security/ssl/SignatureScheme$SigAlgParamSpec;Lsun/security/ssl/NamedGroup;I[Lsun/security/ssl/ProtocolVersion;[Lsun/security/ssl/ProtocolVersion;)V+105 java.base@17.0.10
j  sun.security.ssl.SignatureScheme.<init>(Ljava/lang/String;IILjava/lang/String;Ljava/lang/String;Ljava/lang/String;Lsun/security/ssl/SignatureScheme$SigAlgParamSpec;I[Lsun/security/ssl/ProtocolVersion;)V+19 java.base@17.0.10
j  sun.security.ssl.SignatureScheme.<init>(Ljava/lang/String;IILjava/lang/String;Ljava/lang/String;Ljava/lang/String;I[Lsun/security/ssl/ProtocolVersion;)V+15 java.base@17.0.10
j  sun.security.ssl.SignatureScheme.<init>(Ljava/lang/String;IILjava/lang/String;Ljava/lang/String;Ljava/lang/String;[Lsun/security/ssl/ProtocolVersion;)V+13 java.base@17.0.10
j  sun.security.ssl.SignatureScheme.<clinit>()V+116 java.base@17.0.10
v  ~StubRoutines::call_stub
j  sun.security.ssl.SSLSessionImpl.<clinit>()V+10 java.base@17.0.10
v  ~StubRoutines::call_stub
j  sun.security.ssl.TransportContext.<init>(Lsun/security/ssl/SSLContextImpl;Lsun/security/ssl/SSLTransport;Lsun/security/ssl/SSLConfiguration;Lsun/security/ssl/InputRecord;Lsun/security/ssl/OutputRecord;Z)V+115 java.base@17.0.10
j  sun.security.ssl.TransportContext.<init>(Lsun/security/ssl/SSLContextImpl;Lsun/security/ssl/SSLTransport;Lsun/security/ssl/InputRecord;Lsun/security/ssl/OutputRecord;Z)V+17 java.base@17.0.10
j  sun.security.ssl.SSLSocketImpl.<init>(Lsun/security/ssl/SSLContextImpl;)V+87 java.base@17.0.10
j  sun.security.ssl.SSLSocketFactoryImpl.createSocket()Ljava/net/Socket;+8 java.base@17.0.10
j  javax.net.ssl.SSLContextSpi.getDefaultSocket()Ljavax/net/ssl/SSLSocket;+6 java.base@17.0.10
j  javax.net.ssl.SSLContextSpi.engineGetDefaultSSLParameters()Ljavax/net/ssl/SSLParameters;+1 java.base@17.0.10
j  javax.net.ssl.SSLContext.getDefaultSSLParameters()Ljavax/net/ssl/SSLParameters;+4 java.base@17.0.10
j  jdk.internal.net.http.HttpClientImpl.getDefaultParams(Ljavax/net/ssl/SSLContext;)Ljavax/net/ssl/SSLParameters;+1 java.net.http@17.0.10
j  jdk.internal.net.http.HttpClientImpl.<init>(Ljdk/internal/net/http/HttpClientBuilderImpl;Ljdk/internal/net/http/HttpClientImpl$SingleFacadeFactory;)V+418 java.net.http@17.0.10
j  jdk.internal.net.http.HttpClientImpl.create(Ljdk/internal/net/http/HttpClientBuilderImpl;)Ljdk/internal/net/http/HttpClientFacade;+14 java.net.http@17.0.10
j  jdk.internal.net.http.HttpClientBuilderImpl.build()Ljava/net/http/HttpClient;+1 java.net.http@17.0.10
j  externalApp.ExternalAppUtil.sendIdeRequest(Ljava/lang/String;ILjava/lang/String;Ljava/lang/String;)LexternalApp/ExternalAppUtil$Result;+77
j  git4idea.http.GitAskPassApp.main([Ljava/lang/String;)V+37
v  ~StubRoutines::call_stub

---------------  P R O C E S S  ---------------

Threads class SMR info:
_java_thread_list=0x000001f9431c0e80, length=13, elements={
0x000001f91a70c310, 0x000001f942fbc260, 0x000001f942fbd0e0, 0x000001f942fa83d0,
0x000001f942fd1f50, 0x000001f942fd2d30, 0x000001f942fd5700, 0x000001f943012bf0,
0x000001f943015420, 0x000001f94301c680, 0x000001f9431a7d10, 0x000001f9431a2700,
0x000001f9431a4ed0
}

Java Threads: ( => current thread )
=>0x000001f91a70c310 JavaThread "main" [_thread_in_vm, id=9280, stack(0x0000005df8300000,0x0000005df8400000)]
  0x000001f942fbc260 JavaThread "Reference Handler" daemon [_thread_blocked, id=21072, stack(0x0000005df8a00000,0x0000005df8b00000)]
  0x000001f942fbd0e0 JavaThread "Finalizer" daemon [_thread_blocked, id=40720, stack(0x0000005df8b00000,0x0000005df8c00000)]
  0x000001f942fa83d0 JavaThread "Signal Dispatcher" daemon [_thread_blocked, id=11976, stack(0x0000005df8c00000,0x0000005df8d00000)]
  0x000001f942fd1f50 JavaThread "Attach Listener" daemon [_thread_blocked, id=34164, stack(0x0000005df8d00000,0x0000005df8e00000)]
  0x000001f942fd2d30 JavaThread "Service Thread" daemon [_thread_blocked, id=12640, stack(0x0000005df8e00000,0x0000005df8f00000)]
  0x000001f942fd5700 JavaThread "Monitor Deflation Thread" daemon [_thread_blocked, id=15324, stack(0x0000005df8f00000,0x0000005df9000000)]
  0x000001f943012bf0 JavaThread "C2 CompilerThread0" daemon [_thread_blocked, id=22592, stack(0x0000005df9000000,0x0000005df9100000)]
  0x000001f943015420 JavaThread "C1 CompilerThread0" daemon [_thread_blocked, id=23264, stack(0x0000005df9100000,0x0000005df9200000)]
  0x000001f94301c680 JavaThread "Sweeper thread" daemon [_thread_blocked, id=10752, stack(0x0000005df9200000,0x0000005df9300000)]
  0x000001f9431a7d10 JavaThread "Notification Thread" daemon [_thread_blocked, id=13380, stack(0x0000005df9300000,0x0000005df9400000)]
  0x000001f9431a2700 JavaThread "Common-Cleaner" daemon [_thread_blocked, id=33712, stack(0x0000005df9500000,0x0000005df9600000)]
  0x000001f9431a4ed0 JavaThread "C2 CompilerThread1" daemon [_thread_blocked, id=13636, stack(0x0000005df9600000,0x0000005df9700000)]

Other Threads:
  0x000001f94043e5d0 VMThread "VM Thread" [stack: 0x0000005df8900000,0x0000005df8a00000] [id=13932]
  0x000001f9431a8c00 WatcherThread [stack: 0x0000005df9400000,0x0000005df9500000] [id=23520]
  0x000001f91a7b8950 GCTaskThread "GC Thread#0" [stack: 0x0000005df8400000,0x0000005df8500000] [id=23884]
  0x000001f94024bf90 ConcurrentGCThread "G1 Main Marker" [stack: 0x0000005df8500000,0x0000005df8600000] [id=41196]
  0x000001f94024c9b0 ConcurrentGCThread "G1 Conc#0" [stack: 0x0000005df8600000,0x0000005df8700000] [id=24108]
  0x000001f94032d0d0 ConcurrentGCThread "G1 Refine#0" [stack: 0x0000005df8700000,0x0000005df8800000] [id=20852]
  0x000001f94032eb10 ConcurrentGCThread "G1 Service" [stack: 0x0000005df8800000,0x0000005df8900000] [id=39728]

Threads with active compile tasks:

VM state: not at safepoint (normal execution)

VM Mutex/Monitor currently owned by a thread:  ([mutex/lock_event])
[0x000001f91a706260] Metaspace_lock - owner thread: 0x000001f91a70c310

Heap address: 0x0000000602c00000, size: 8148 MB, Compressed Oops mode: Zero based, Oop shift amount: 3

CDS archive(s) not mapped
Compressed class space mapped at: 0x0000000800000000-0x0000000840000000, reserved size: 1073741824
Narrow klass base: 0x0000000800000000, Narrow klass shift: 0, Narrow klass range: 0x40000000

GC Precious Log:
 CPUs: 12 total, 12 available
 Memory: 32581M
 Large Page Support: Disabled
 NUMA Support: Disabled
 Compressed Oops: Enabled (Zero based)
 Heap Region Size: 4M
 Heap Min Capacity: 8M
 Heap Initial Capacity: 512M
 Heap Max Capacity: 8148M
 Pre-touch: Disabled
 Parallel Workers: 10
 Concurrent Workers: 3
 Concurrent Refinement Workers: 10
 Periodic GC: Disabled

Heap:
 garbage-first heap   total 524288K, used 4096K [0x0000000602c00000, 0x0000000800000000)
  region size 4096K, 2 young (8192K), 0 survivors (0K)
 Metaspace       used 12101K, committed 12224K, reserved 1114112K
  class space    used 1180K, committed 1280K, reserved 1048576K

Heap Regions: E=young(eden), S=young(survivor), O=old, HS=humongous(starts), HC=humongous(continues), CS=collection set, F=free, OA=open archive, CA=closed archive, TAMS=top-at-mark-start (previous, next)
|   0|0x0000000602c00000, 0x0000000602c00000, 0x0000000603000000|  0%| F|  |TAMS 0x0000000602c00000, 0x0000000602c00000| Untracked 
|   1|0x0000000603000000, 0x0000000603000000, 0x0000000603400000|  0%| F|  |TAMS 0x0000000603000000, 0x0000000603000000| Untracked 
|   2|0x0000000603400000, 0x0000000603400000, 0x0000000603800000|  0%| F|  |TAMS 0x0000000603400000, 0x0000000603400000| Untracked 
|   3|0x0000000603800000, 0x0000000603800000, 0x0000000603c00000|  0%| F|  |TAMS 0x0000000603800000, 0x0000000603800000| Untracked 
|   4|0x0000000603c00000, 0x0000000603c00000, 0x0000000604000000|  0%| F|  |TAMS 0x0000000603c00000, 0x0000000603c00000| Untracked 
|   5|0x0000000604000000, 0x0000000604000000, 0x0000000604400000|  0%| F|  |TAMS 0x0000000604000000, 0x0000000604000000| Untracked 
|   6|0x0000000604400000, 0x0000000604400000, 0x0000000604800000|  0%| F|  |TAMS 0x0000000604400000, 0x0000000604400000| Untracked 
|   7|0x0000000604800000, 0x0000000604800000, 0x0000000604c00000|  0%| F|  |TAMS 0x0000000604800000, 0x0000000604800000| Untracked 
|   8|0x0000000604c00000, 0x0000000604c00000, 0x0000000605000000|  0%| F|  |TAMS 0x0000000604c00000, 0x0000000604c00000| Untracked 
|   9|0x0000000605000000, 0x0000000605000000, 0x0000000605400000|  0%| F|  |TAMS 0x0000000605000000, 0x0000000605000000| Untracked 
|  10|0x0000000605400000, 0x0000000605400000, 0x0000000605800000|  0%| F|  |TAMS 0x0000000605400000, 0x0000000605400000| Untracked 
|  11|0x0000000605800000, 0x0000000605800000, 0x0000000605c00000|  0%| F|  |TAMS 0x0000000605800000, 0x0000000605800000| Untracked 
|  12|0x0000000605c00000, 0x0000000605c00000, 0x0000000606000000|  0%| F|  |TAMS 0x0000000605c00000, 0x0000000605c00000| Untracked 
|  13|0x0000000606000000, 0x0000000606000000, 0x0000000606400000|  0%| F|  |TAMS 0x0000000606000000, 0x0000000606000000| Untracked 
|  14|0x0000000606400000, 0x0000000606400000, 0x0000000606800000|  0%| F|  |TAMS 0x0000000606400000, 0x0000000606400000| Untracked 
|  15|0x0000000606800000, 0x0000000606800000, 0x0000000606c00000|  0%| F|  |TAMS 0x0000000606800000, 0x0000000606800000| Untracked 
|  16|0x0000000606c00000, 0x0000000606c00000, 0x0000000607000000|  0%| F|  |TAMS 0x0000000606c00000, 0x0000000606c00000| Untracked 
|  17|0x0000000607000000, 0x0000000607000000, 0x0000000607400000|  0%| F|  |TAMS 0x0000000607000000, 0x0000000607000000| Untracked 
|  18|0x0000000607400000, 0x0000000607400000, 0x0000000607800000|  0%| F|  |TAMS 0x0000000607400000, 0x0000000607400000| Untracked 
|  19|0x0000000607800000, 0x0000000607800000, 0x0000000607c00000|  0%| F|  |TAMS 0x0000000607800000, 0x0000000607800000| Untracked 
|  20|0x0000000607c00000, 0x0000000607c00000, 0x0000000608000000|  0%| F|  |TAMS 0x0000000607c00000, 0x0000000607c00000| Untracked 
|  21|0x0000000608000000, 0x0000000608000000, 0x0000000608400000|  0%| F|  |TAMS 0x0000000608000000, 0x0000000608000000| Untracked 
|  22|0x0000000608400000, 0x0000000608400000, 0x0000000608800000|  0%| F|  |TAMS 0x0000000608400000, 0x0000000608400000| Untracked 
|  23|0x0000000608800000, 0x0000000608800000, 0x0000000608c00000|  0%| F|  |TAMS 0x0000000608800000, 0x0000000608800000| Untracked 
|  24|0x0000000608c00000, 0x0000000608c00000, 0x0000000609000000|  0%| F|  |TAMS 0x0000000608c00000, 0x0000000608c00000| Untracked 
|  25|0x0000000609000000, 0x0000000609000000, 0x0000000609400000|  0%| F|  |TAMS 0x0000000609000000, 0x0000000609000000| Untracked 
|  26|0x0000000609400000, 0x0000000609400000, 0x0000000609800000|  0%| F|  |TAMS 0x0000000609400000, 0x0000000609400000| Untracked 
|  27|0x0000000609800000, 0x0000000609800000, 0x0000000609c00000|  0%| F|  |TAMS 0x0000000609800000, 0x0000000609800000| Untracked 
|  28|0x0000000609c00000, 0x0000000609c00000, 0x000000060a000000|  0%| F|  |TAMS 0x0000000609c00000, 0x0000000609c00000| Untracked 
|  29|0x000000060a000000, 0x000000060a000000, 0x000000060a400000|  0%| F|  |TAMS 0x000000060a000000, 0x000000060a000000| Untracked 
|  30|0x000000060a400000, 0x000000060a400000, 0x000000060a800000|  0%| F|  |TAMS 0x000000060a400000, 0x000000060a400000| Untracked 
|  31|0x000000060a800000, 0x000000060a800000, 0x000000060ac00000|  0%| F|  |TAMS 0x000000060a800000, 0x000000060a800000| Untracked 
|  32|0x000000060ac00000, 0x000000060ac00000, 0x000000060b000000|  0%| F|  |TAMS 0x000000060ac00000, 0x000000060ac00000| Untracked 
|  33|0x000000060b000000, 0x000000060b000000, 0x000000060b400000|  0%| F|  |TAMS 0x000000060b000000, 0x000000060b000000| Untracked 
|  34|0x000000060b400000, 0x000000060b400000, 0x000000060b800000|  0%| F|  |TAMS 0x000000060b400000, 0x000000060b400000| Untracked 
|  35|0x000000060b800000, 0x000000060b800000, 0x000000060bc00000|  0%| F|  |TAMS 0x000000060b800000, 0x000000060b800000| Untracked 
|  36|0x000000060bc00000, 0x000000060bc00000, 0x000000060c000000|  0%| F|  |TAMS 0x000000060bc00000, 0x000000060bc00000| Untracked 
|  37|0x000000060c000000, 0x000000060c000000, 0x000000060c400000|  0%| F|  |TAMS 0x000000060c000000, 0x000000060c000000| Untracked 
|  38|0x000000060c400000, 0x000000060c400000, 0x000000060c800000|  0%| F|  |TAMS 0x000000060c400000, 0x000000060c400000| Untracked 
|  39|0x000000060c800000, 0x000000060c800000, 0x000000060cc00000|  0%| F|  |TAMS 0x000000060c800000, 0x000000060c800000| Untracked 
|  40|0x000000060cc00000, 0x000000060cc00000, 0x000000060d000000|  0%| F|  |TAMS 0x000000060cc00000, 0x000000060cc00000| Untracked 
|  41|0x000000060d000000, 0x000000060d000000, 0x000000060d400000|  0%| F|  |TAMS 0x000000060d000000, 0x000000060d000000| Untracked 
|  42|0x000000060d400000, 0x000000060d400000, 0x000000060d800000|  0%| F|  |TAMS 0x000000060d400000, 0x000000060d400000| Untracked 
|  43|0x000000060d800000, 0x000000060d800000, 0x000000060dc00000|  0%| F|  |TAMS 0x000000060d800000, 0x000000060d800000| Untracked 
|  44|0x000000060dc00000, 0x000000060dc00000, 0x000000060e000000|  0%| F|  |TAMS 0x000000060dc00000, 0x000000060dc00000| Untracked 
|  45|0x000000060e000000, 0x000000060e000000, 0x000000060e400000|  0%| F|  |TAMS 0x000000060e000000, 0x000000060e000000| Untracked 
|  46|0x000000060e400000, 0x000000060e400000, 0x000000060e800000|  0%| F|  |TAMS 0x000000060e400000, 0x000000060e400000| Untracked 
|  47|0x000000060e800000, 0x000000060e800000, 0x000000060ec00000|  0%| F|  |TAMS 0x000000060e800000, 0x000000060e800000| Untracked 
|  48|0x000000060ec00000, 0x000000060ec00000, 0x000000060f000000|  0%| F|  |TAMS 0x000000060ec00000, 0x000000060ec00000| Untracked 
|  49|0x000000060f000000, 0x000000060f000000, 0x000000060f400000|  0%| F|  |TAMS 0x000000060f000000, 0x000000060f000000| Untracked 
|  50|0x000000060f400000, 0x000000060f400000, 0x000000060f800000|  0%| F|  |TAMS 0x000000060f400000, 0x000000060f400000| Untracked 
|  51|0x000000060f800000, 0x000000060f800000, 0x000000060fc00000|  0%| F|  |TAMS 0x000000060f800000, 0x000000060f800000| Untracked 
|  52|0x000000060fc00000, 0x000000060fc00000, 0x0000000610000000|  0%| F|  |TAMS 0x000000060fc00000, 0x000000060fc00000| Untracked 
|  53|0x0000000610000000, 0x0000000610000000, 0x0000000610400000|  0%| F|  |TAMS 0x0000000610000000, 0x0000000610000000| Untracked 
|  54|0x0000000610400000, 0x0000000610400000, 0x0000000610800000|  0%| F|  |TAMS 0x0000000610400000, 0x0000000610400000| Untracked 
|  55|0x0000000610800000, 0x0000000610800000, 0x0000000610c00000|  0%| F|  |TAMS 0x0000000610800000, 0x0000000610800000| Untracked 
|  56|0x0000000610c00000, 0x0000000610c00000, 0x0000000611000000|  0%| F|  |TAMS 0x0000000610c00000, 0x0000000610c00000| Untracked 
|  57|0x0000000611000000, 0x0000000611000000, 0x0000000611400000|  0%| F|  |TAMS 0x0000000611000000, 0x0000000611000000| Untracked 
|  58|0x0000000611400000, 0x0000000611400000, 0x0000000611800000|  0%| F|  |TAMS 0x0000000611400000, 0x0000000611400000| Untracked 
|  59|0x0000000611800000, 0x0000000611800000, 0x0000000611c00000|  0%| F|  |TAMS 0x0000000611800000, 0x0000000611800000| Untracked 
|  60|0x0000000611c00000, 0x0000000611c00000, 0x0000000612000000|  0%| F|  |TAMS 0x0000000611c00000, 0x0000000611c00000| Untracked 
|  61|0x0000000612000000, 0x0000000612000000, 0x0000000612400000|  0%| F|  |TAMS 0x0000000612000000, 0x0000000612000000| Untracked 
|  62|0x0000000612400000, 0x0000000612400000, 0x0000000612800000|  0%| F|  |TAMS 0x0000000612400000, 0x0000000612400000| Untracked 
|  63|0x0000000612800000, 0x0000000612800000, 0x0000000612c00000|  0%| F|  |TAMS 0x0000000612800000, 0x0000000612800000| Untracked 
|  64|0x0000000612c00000, 0x0000000612c00000, 0x0000000613000000|  0%| F|  |TAMS 0x0000000612c00000, 0x0000000612c00000| Untracked 
|  65|0x0000000613000000, 0x0000000613000000, 0x0000000613400000|  0%| F|  |TAMS 0x0000000613000000, 0x0000000613000000| Untracked 
|  66|0x0000000613400000, 0x0000000613400000, 0x0000000613800000|  0%| F|  |TAMS 0x0000000613400000, 0x0000000613400000| Untracked 
|  67|0x0000000613800000, 0x0000000613800000, 0x0000000613c00000|  0%| F|  |TAMS 0x0000000613800000, 0x0000000613800000| Untracked 
|  68|0x0000000613c00000, 0x0000000613c00000, 0x0000000614000000|  0%| F|  |TAMS 0x0000000613c00000, 0x0000000613c00000| Untracked 
|  69|0x0000000614000000, 0x0000000614000000, 0x0000000614400000|  0%| F|  |TAMS 0x0000000614000000, 0x0000000614000000| Untracked 
|  70|0x0000000614400000, 0x0000000614400000, 0x0000000614800000|  0%| F|  |TAMS 0x0000000614400000, 0x0000000614400000| Untracked 
|  71|0x0000000614800000, 0x0000000614800000, 0x0000000614c00000|  0%| F|  |TAMS 0x0000000614800000, 0x0000000614800000| Untracked 
|  72|0x0000000614c00000, 0x0000000614c00000, 0x0000000615000000|  0%| F|  |TAMS 0x0000000614c00000, 0x0000000614c00000| Untracked 
|  73|0x0000000615000000, 0x0000000615000000, 0x0000000615400000|  0%| F|  |TAMS 0x0000000615000000, 0x0000000615000000| Untracked 
|  74|0x0000000615400000, 0x0000000615400000, 0x0000000615800000|  0%| F|  |TAMS 0x0000000615400000, 0x0000000615400000| Untracked 
|  75|0x0000000615800000, 0x0000000615800000, 0x0000000615c00000|  0%| F|  |TAMS 0x0000000615800000, 0x0000000615800000| Untracked 
|  76|0x0000000615c00000, 0x0000000615c00000, 0x0000000616000000|  0%| F|  |TAMS 0x0000000615c00000, 0x0000000615c00000| Untracked 
|  77|0x0000000616000000, 0x0000000616000000, 0x0000000616400000|  0%| F|  |TAMS 0x0000000616000000, 0x0000000616000000| Untracked 
|  78|0x0000000616400000, 0x0000000616400000, 0x0000000616800000|  0%| F|  |TAMS 0x0000000616400000, 0x0000000616400000| Untracked 
|  79|0x0000000616800000, 0x0000000616800000, 0x0000000616c00000|  0%| F|  |TAMS 0x0000000616800000, 0x0000000616800000| Untracked 
|  80|0x0000000616c00000, 0x0000000616c00000, 0x0000000617000000|  0%| F|  |TAMS 0x0000000616c00000, 0x0000000616c00000| Untracked 
|  81|0x0000000617000000, 0x0000000617000000, 0x0000000617400000|  0%| F|  |TAMS 0x0000000617000000, 0x0000000617000000| Untracked 
|  82|0x0000000617400000, 0x0000000617400000, 0x0000000617800000|  0%| F|  |TAMS 0x0000000617400000, 0x0000000617400000| Untracked 
|  83|0x0000000617800000, 0x0000000617800000, 0x0000000617c00000|  0%| F|  |TAMS 0x0000000617800000, 0x0000000617800000| Untracked 
|  84|0x0000000617c00000, 0x0000000617c00000, 0x0000000618000000|  0%| F|  |TAMS 0x0000000617c00000, 0x0000000617c00000| Untracked 
|  85|0x0000000618000000, 0x0000000618000000, 0x0000000618400000|  0%| F|  |TAMS 0x0000000618000000, 0x0000000618000000| Untracked 
|  86|0x0000000618400000, 0x0000000618400000, 0x0000000618800000|  0%| F|  |TAMS 0x0000000618400000, 0x0000000618400000| Untracked 
|  87|0x0000000618800000, 0x0000000618800000, 0x0000000618c00000|  0%| F|  |TAMS 0x0000000618800000, 0x0000000618800000| Untracked 
|  88|0x0000000618c00000, 0x0000000618c00000, 0x0000000619000000|  0%| F|  |TAMS 0x0000000618c00000, 0x0000000618c00000| Untracked 
|  89|0x0000000619000000, 0x0000000619000000, 0x0000000619400000|  0%| F|  |TAMS 0x0000000619000000, 0x0000000619000000| Untracked 
|  90|0x0000000619400000, 0x0000000619400000, 0x0000000619800000|  0%| F|  |TAMS 0x0000000619400000, 0x0000000619400000| Untracked 
|  91|0x0000000619800000, 0x0000000619800000, 0x0000000619c00000|  0%| F|  |TAMS 0x0000000619800000, 0x0000000619800000| Untracked 
|  92|0x0000000619c00000, 0x0000000619c00000, 0x000000061a000000|  0%| F|  |TAMS 0x0000000619c00000, 0x0000000619c00000| Untracked 
|  93|0x000000061a000000, 0x000000061a000000, 0x000000061a400000|  0%| F|  |TAMS 0x000000061a000000, 0x000000061a000000| Untracked 
|  94|0x000000061a400000, 0x000000061a400000, 0x000000061a800000|  0%| F|  |TAMS 0x000000061a400000, 0x000000061a400000| Untracked 
|  95|0x000000061a800000, 0x000000061a800000, 0x000000061ac00000|  0%| F|  |TAMS 0x000000061a800000, 0x000000061a800000| Untracked 
|  96|0x000000061ac00000, 0x000000061ac00000, 0x000000061b000000|  0%| F|  |TAMS 0x000000061ac00000, 0x000000061ac00000| Untracked 
|  97|0x000000061b000000, 0x000000061b000000, 0x000000061b400000|  0%| F|  |TAMS 0x000000061b000000, 0x000000061b000000| Untracked 
|  98|0x000000061b400000, 0x000000061b400000, 0x000000061b800000|  0%| F|  |TAMS 0x000000061b400000, 0x000000061b400000| Untracked 
|  99|0x000000061b800000, 0x000000061b800000, 0x000000061bc00000|  0%| F|  |TAMS 0x000000061b800000, 0x000000061b800000| Untracked 
| 100|0x000000061bc00000, 0x000000061bc00000, 0x000000061c000000|  0%| F|  |TAMS 0x000000061bc00000, 0x000000061bc00000| Untracked 
| 101|0x000000061c000000, 0x000000061c000000, 0x000000061c400000|  0%| F|  |TAMS 0x000000061c000000, 0x000000061c000000| Untracked 
| 102|0x000000061c400000, 0x000000061c400000, 0x000000061c800000|  0%| F|  |TAMS 0x000000061c400000, 0x000000061c400000| Untracked 
| 103|0x000000061c800000, 0x000000061c800000, 0x000000061cc00000|  0%| F|  |TAMS 0x000000061c800000, 0x000000061c800000| Untracked 
| 104|0x000000061cc00000, 0x000000061cc00000, 0x000000061d000000|  0%| F|  |TAMS 0x000000061cc00000, 0x000000061cc00000| Untracked 
| 105|0x000000061d000000, 0x000000061d000000, 0x000000061d400000|  0%| F|  |TAMS 0x000000061d000000, 0x000000061d000000| Untracked 
| 106|0x000000061d400000, 0x000000061d400000, 0x000000061d800000|  0%| F|  |TAMS 0x000000061d400000, 0x000000061d400000| Untracked 
| 107|0x000000061d800000, 0x000000061d800000, 0x000000061dc00000|  0%| F|  |TAMS 0x000000061d800000, 0x000000061d800000| Untracked 
| 108|0x000000061dc00000, 0x000000061dc00000, 0x000000061e000000|  0%| F|  |TAMS 0x000000061dc00000, 0x000000061dc00000| Untracked 
| 109|0x000000061e000000, 0x000000061e000000, 0x000000061e400000|  0%| F|  |TAMS 0x000000061e000000, 0x000000061e000000| Untracked 
| 110|0x000000061e400000, 0x000000061e400000, 0x000000061e800000|  0%| F|  |TAMS 0x000000061e400000, 0x000000061e400000| Untracked 
| 111|0x000000061e800000, 0x000000061e800000, 0x000000061ec00000|  0%| F|  |TAMS 0x000000061e800000, 0x000000061e800000| Untracked 
| 112|0x000000061ec00000, 0x000000061ec00000, 0x000000061f000000|  0%| F|  |TAMS 0x000000061ec00000, 0x000000061ec00000| Untracked 
| 113|0x000000061f000000, 0x000000061f000000, 0x000000061f400000|  0%| F|  |TAMS 0x000000061f000000, 0x000000061f000000| Untracked 
| 114|0x000000061f400000, 0x000000061f400000, 0x000000061f800000|  0%| F|  |TAMS 0x000000061f400000, 0x000000061f400000| Untracked 
| 115|0x000000061f800000, 0x000000061f800000, 0x000000061fc00000|  0%| F|  |TAMS 0x000000061f800000, 0x000000061f800000| Untracked 
| 116|0x000000061fc00000, 0x000000061fc00000, 0x0000000620000000|  0%| F|  |TAMS 0x000000061fc00000, 0x000000061fc00000| Untracked 
| 117|0x0000000620000000, 0x0000000620000000, 0x0000000620400000|  0%| F|  |TAMS 0x0000000620000000, 0x0000000620000000| Untracked 
| 118|0x0000000620400000, 0x0000000620400000, 0x0000000620800000|  0%| F|  |TAMS 0x0000000620400000, 0x0000000620400000| Untracked 
| 119|0x0000000620800000, 0x0000000620800000, 0x0000000620c00000|  0%| F|  |TAMS 0x0000000620800000, 0x0000000620800000| Untracked 
| 120|0x0000000620c00000, 0x0000000620c00000, 0x0000000621000000|  0%| F|  |TAMS 0x0000000620c00000, 0x0000000620c00000| Untracked 
| 121|0x0000000621000000, 0x0000000621000000, 0x0000000621400000|  0%| F|  |TAMS 0x0000000621000000, 0x0000000621000000| Untracked 
| 122|0x0000000621400000, 0x0000000621400000, 0x0000000621800000|  0%| F|  |TAMS 0x0000000621400000, 0x0000000621400000| Untracked 
| 123|0x0000000621800000, 0x0000000621800000, 0x0000000621c00000|  0%| F|  |TAMS 0x0000000621800000, 0x0000000621800000| Untracked 
| 124|0x0000000621c00000, 0x0000000621c00000, 0x0000000622000000|  0%| F|  |TAMS 0x0000000621c00000, 0x0000000621c00000| Untracked 
| 125|0x0000000622000000, 0x0000000622000000, 0x0000000622400000|  0%| F|  |TAMS 0x0000000622000000, 0x0000000622000000| Untracked 
| 126|0x0000000622400000, 0x00000006227dd488, 0x0000000622800000| 96%| E|  |TAMS 0x0000000622400000, 0x0000000622400000| Complete 
| 127|0x0000000622800000, 0x0000000622c00000, 0x0000000622c00000|100%| E|CS|TAMS 0x0000000622800000, 0x0000000622800000| Complete 

Card table byte_map: [0x000001f92e3c0000,0x000001f92f3b0000] _byte_map_base: 0x000001f92b3aa000

Marking Bits (Prev, Next): (CMBitMap*) 0x000001f91a7b8f70, (CMBitMap*) 0x000001f91a7b8fb0
 Prev Bits: [0x000001f9303a0000, 0x000001f9382f0000)
 Next Bits: [0x000001f9382f0000, 0x000001f940240000)

Polling page: 0x000001f9186b0000

Metaspace:

Usage:
  Non-class:     10.67 MB used.
      Class:      1.15 MB used.
       Both:     11.82 MB used.

Virtual space:
  Non-class space:       64.00 MB reserved,      10.69 MB ( 17%) committed,  1 nodes.
      Class space:        1.00 GB reserved,       1.25 MB ( <1%) committed,  1 nodes.
             Both:        1.06 GB reserved,      11.94 MB (  1%) committed. 

Chunk freelists:
   Non-Class:  4.94 MB
       Class:  14.70 MB
        Both:  19.64 MB

MaxMetaspaceSize: unlimited
CompressedClassSpaceSize: 1.00 GB
Initial GC threshold: 21.00 MB
Current GC threshold: 21.00 MB
CDS: off
MetaspaceReclaimPolicy: balanced
 - commit_granule_bytes: 65536.
 - commit_granule_words: 8192.
 - virtual_space_node_default_size: 8388608.
 - enlarge_chunks_in_place: 1.
 - new_chunks_are_fully_committed: 0.
 - uncommit_free_chunks: 1.
 - use_allocation_guard: 0.
 - handle_deallocations: 1.


Internal statistics:

num_allocs_failed_limit: 0.
num_arena_births: 56.
num_arena_deaths: 0.
num_vsnodes_births: 2.
num_vsnodes_deaths: 0.
num_space_committed: 191.
num_space_uncommitted: 0.
num_chunks_returned_to_freelist: 0.
num_chunks_taken_from_freelist: 116.
num_chunk_merges: 0.
num_chunk_splits: 67.
num_chunks_enlarged: 41.
num_inconsistent_stats: 0.

CodeHeap 'non-profiled nmethods': size=120000Kb used=192Kb max_used=192Kb free=119807Kb
 bounds [0x000001f925950000, 0x000001f925bc0000, 0x000001f92ce80000]
CodeHeap 'profiled nmethods': size=120000Kb used=971Kb max_used=971Kb free=119028Kb
 bounds [0x000001f91de80000, 0x000001f91e0f0000, 0x000001f9253b0000]
CodeHeap 'non-nmethods': size=5760Kb used=1162Kb max_used=1173Kb free=4598Kb
 bounds [0x000001f9253b0000, 0x000001f925620000, 0x000001f925950000]
 total_blobs=1115 nmethods=660 adapters=368
 compilation: enabled
              stopped_count=0, restarted_count=0
 full_count=0

Compilation events (20 events):
Event: 0.274 Thread 0x000001f943015420  651       3       java.lang.StringConcatHelper::mix (27 bytes)
Event: 0.274 Thread 0x000001f943015420 nmethod 651 0x000001f91df6f510 code [0x000001f91df6f6e0, 0x000001f91df6fb08]
Event: 0.274 Thread 0x000001f943015420  652       3       java.lang.String::getBytes (44 bytes)
Event: 0.275 Thread 0x000001f943015420 nmethod 652 0x000001f91df6fd10 code [0x000001f91df6fee0, 0x000001f91df701f8]
Event: 0.275 Thread 0x000001f943015420  653       3       java.lang.invoke.MethodHandleNatives::refKindIsField (32 bytes)
Event: 0.275 Thread 0x000001f943015420 nmethod 653 0x000001f91df70310 code [0x000001f91df704a0, 0x000001f91df705f8]
Event: 0.275 Thread 0x000001f943015420  654       3       java.lang.StringConcatHelper::prepend (37 bytes)
Event: 0.275 Thread 0x000001f9431a4ed0  655   !   4       jdk.internal.misc.ScopedMemoryAccess::getByte (20 bytes)
Event: 0.275 Thread 0x000001f943015420 nmethod 654 0x000001f91df70690 code [0x000001f91df70860, 0x000001f91df70b38]
Event: 0.275 Thread 0x000001f943015420  656       3       java.lang.StringConcatHelper::stringOf (20 bytes)
Event: 0.275 Thread 0x000001f9431a4ed0 nmethod 655 0x000001f92597fe10 code [0x000001f92597ff80, 0x000001f925980038]
Event: 0.275 Thread 0x000001f943015420 nmethod 656 0x000001f91df70c90 code [0x000001f91df70e40, 0x000001f91df71088]
Event: 0.275 Thread 0x000001f943015420  657       3       jdk.internal.misc.Unsafe::toUnsignedLong (7 bytes)
Event: 0.275 Thread 0x000001f943015420 nmethod 657 0x000001f91df71190 code [0x000001f91df71320, 0x000001f91df71418]
Event: 0.275 Thread 0x000001f943015420  658       3       java.nio.HeapByteBuffer::getInt (29 bytes)
Event: 0.276 Thread 0x000001f943015420 nmethod 658 0x000001f91df71490 code [0x000001f91df716e0, 0x000001f91df720c8]
Event: 0.277 Thread 0x000001f943015420  659       3       java.math.BigInteger::trustedStripLeadingZeroInts (37 bytes)
Event: 0.277 Thread 0x000001f943015420 nmethod 659 0x000001f91df72510 code [0x000001f91df726c0, 0x000001f91df72928]
Event: 0.279 Thread 0x000001f943015420  660       3       java.lang.invoke.MethodType::toMethodDescriptorString (28 bytes)
Event: 0.279 Thread 0x000001f943015420 nmethod 660 0x000001f91df72a10 code [0x000001f91df72bc0, 0x000001f91df72da8]

GC Heap History (0 events):
No events

Dll operation events (1 events):
Event: 0.004 Loaded shared library C:\Users\pro\AppData\Local\Programs\IntelliJ IDEA Ultimate\jbr\bin\java.dll

Deoptimization events (8 events):
Event: 0.226 Thread 0x000001f91a70c310 Uncommon trap: trap_request=0xffffff45 fr.pc=0x000001f925970a74 relative=0x0000000000000074
Event: 0.226 Thread 0x000001f91a70c310 Uncommon trap: reason=unstable_if action=reinterpret pc=0x000001f925970a74 method=jdk.internal.misc.Unsafe.convEndian(ZI)I @ 4 c2
Event: 0.226 Thread 0x000001f91a70c310 DEOPT PACKING pc=0x000001f925970a74 sp=0x0000005df83fdad0
Event: 0.226 Thread 0x000001f91a70c310 DEOPT UNPACKING pc=0x000001f9254069a3 sp=0x0000005df83fda00 mode 2
Event: 0.226 Thread 0x000001f91a70c310 Uncommon trap: trap_request=0xffffff45 fr.pc=0x000001f9259721b8 relative=0x0000000000000038
Event: 0.226 Thread 0x000001f91a70c310 Uncommon trap: reason=unstable_if action=reinterpret pc=0x000001f9259721b8 method=jdk.internal.misc.Unsafe.convEndian(ZI)I @ 4 c2
Event: 0.226 Thread 0x000001f91a70c310 DEOPT PACKING pc=0x000001f9259721b8 sp=0x0000005df83fda70
Event: 0.226 Thread 0x000001f91a70c310 DEOPT UNPACKING pc=0x000001f9254069a3 sp=0x0000005df83fda08 mode 2

Classes unloaded (0 events):
No events

Classes redefined (0 events):
No events

Internal exceptions (16 events):
Event: 0.141 Thread 0x000001f91a70c310 Exception <a 'sun/nio/fs/WindowsException'{0x0000000622ba8560}> (0x0000000622ba8560) 
thrown [s\src\hotspot\share\prims\jni.cpp, line 517]
Event: 0.152 Thread 0x000001f91a70c310 Exception <a 'java/lang/NoSuchMethodError'{0x0000000622bd3de8}: 'int java.lang.invoke.DirectMethodHandle$Holder.invokeStaticInit(java.lang.Object, java.lang.Object, java.lang.Object, java.lang.Object)'> (0x0000000622bd3de8) 
thrown [s\src\hotspot\share\interpreter\linkResolver.cpp, line 771]
Event: 0.153 Thread 0x000001f91a70c310 Exception <a 'java/lang/NoSuchMethodError'{0x0000000622bdf060}: 'java.lang.Object java.lang.invoke.DirectMethodHandle$Holder.invokeInterface(java.lang.Object, java.lang.Object)'> (0x0000000622bdf060) 
thrown [s\src\hotspot\share\interpreter\linkResolver.cpp, line 771]
Event: 0.153 Thread 0x000001f91a70c310 Exception <a 'java/lang/IncompatibleClassChangeError'{0x0000000622be2980}: Found class java.lang.Object, but interface was expected> (0x0000000622be2980) 
thrown [s\src\hotspot\share\interpreter\linkResolver.cpp, line 838]
Event: 0.154 Thread 0x000001f91a70c310 Exception <a 'java/lang/NoSuchMethodError'{0x0000000622be5d30}: 'void java.lang.invoke.DirectMethodHandle$Holder.invokeStatic(java.lang.Object, java.lang.Object)'> (0x0000000622be5d30) 
thrown [s\src\hotspot\share\interpreter\linkResolver.cpp, line 771]
Event: 0.154 Thread 0x000001f91a70c310 Exception <a 'java/lang/NoSuchMethodError'{0x0000000622be9648}: 'void java.lang.invoke.DirectMethodHandle$Holder.invokeStaticInit(java.lang.Object, java.lang.Object)'> (0x0000000622be9648) 
thrown [s\src\hotspot\share\interpreter\linkResolver.cpp, line 771]
Event: 0.155 Thread 0x000001f91a70c310 Exception <a 'java/lang/NoSuchMethodError'{0x0000000622beff40}: 'int java.lang.invoke.DirectMethodHandle$Holder.invokeStaticInit(java.lang.Object, java.lang.Object)'> (0x0000000622beff40) 
thrown [s\src\hotspot\share\interpreter\linkResolver.cpp, line 771]
Event: 0.177 Thread 0x000001f91a70c310 Exception <a 'java/lang/NoSuchMethodError'{0x00000006224d8578}: 'java.lang.Object java.lang.invoke.DirectMethodHandle$Holder.invokeStaticInit(java.lang.Object, int, int, int, int)'> (0x00000006224d8578) 
thrown [s\src\hotspot\share\interpreter\linkResolver.cpp, line 771]
Event: 0.223 Thread 0x000001f91a70c310 Exception <a 'java/lang/NoSuchMethodError'{0x00000006225f8b18}: 'java.lang.Object java.lang.invoke.DirectMethodHandle$Holder.invokeStaticInit(java.lang.Object, java.lang.Object, int, int, int, int)'> (0x00000006225f8b18) 
thrown [s\src\hotspot\share\interpreter\linkResolver.cpp, line 771]
Event: 0.231 Thread 0x000001f91a70c310 Exception <a 'java/lang/NoSuchMethodError'{0x0000000622661180}: 'java.lang.Object java.lang.invoke.DirectMethodHandle$Holder.invokeStatic(java.lang.Object, java.lang.Object, int)'> (0x0000000622661180) 
thrown [s\src\hotspot\share\interpreter\linkResolver.cpp, line 771]
Event: 0.232 Thread 0x000001f91a70c310 Exception <a 'java/lang/NoSuchMethodError'{0x00000006226648f8}: 'java.lang.Object java.lang.invoke.DirectMethodHandle$Holder.invokeStaticInit(java.lang.Object, java.lang.Object, int)'> (0x00000006226648f8) 
thrown [s\src\hotspot\share\interpreter\linkResolver.cpp, line 771]
Event: 0.232 Thread 0x000001f91a70c310 Exception <a 'java/lang/NoSuchMethodError'{0x000000062266aef0}: 'java.lang.Object java.lang.invoke.DirectMethodHandle$Holder.newInvokeSpecial(java.lang.Object, java.lang.Object, int)'> (0x000000062266aef0) 
thrown [s\src\hotspot\share\interpreter\linkResolver.cpp, line 771]
Event: 0.234 Thread 0x000001f91a70c310 Exception <a 'java/lang/NoSuchMethodError'{0x000000062267a668}: 'int java.lang.invoke.DirectMethodHandle$Holder.invokeStaticInit(java.lang.Object, java.lang.Object, java.lang.Object)'> (0x000000062267a668) 
thrown [s\src\hotspot\share\interpreter\linkResolver.cpp, line 771]
Event: 0.236 Thread 0x000001f91a70c310 Exception <a 'java/lang/NoSuchMethodError'{0x000000062268a848}: 'int java.lang.invoke.DirectMethodHandle$Holder.invokeSpecial(java.lang.Object, java.lang.Object, java.lang.Object)'> (0x000000062268a848) 
thrown [s\src\hotspot\share\interpreter\linkResolver.cpp, line 771]
Event: 0.237 Thread 0x000001f91a70c310 Exception <a 'java/lang/NoSuchMethodError'{0x0000000622692c28}: 'int java.lang.invoke.DirectMethodHandle$Holder.invokeSpecialIFC(java.lang.Object, java.lang.Object, java.lang.Object)'> (0x0000000622692c28) 
thrown [s\src\hotspot\share\interpreter\linkResolver.cpp, line 771]
Event: 0.258 Thread 0x000001f91a70c310 Exception <a 'java/lang/NoSuchMethodError'{0x000000062271f310}: 'java.lang.Object java.lang.invoke.DirectMethodHandle$Holder.invokeStaticInit(java.lang.Object)'> (0x000000062271f310) 
thrown [s\src\hotspot\share\interpreter\linkResolver.cpp, line 771]

VM Operations (8 events):
Event: 0.077 Executing VM operation: HandshakeAllThreads
Event: 0.077 Executing VM operation: HandshakeAllThreads done
Event: 0.086 Executing VM operation: HandshakeAllThreads
Event: 0.086 Executing VM operation: HandshakeAllThreads done
Event: 0.185 Executing VM operation: HandshakeAllThreads
Event: 0.185 Executing VM operation: HandshakeAllThreads done
Event: 0.259 Executing VM operation: HandshakeAllThreads
Event: 0.260 Executing VM operation: HandshakeAllThreads done

Events (20 events):
Event: 0.276 loading class sun/security/util/math/intpoly/IntegerPolynomial
Event: 0.276 loading class sun/security/util/math/intpoly/IntegerPolynomial done
Event: 0.276 loading class sun/security/util/math/intpoly/IntegerPolynomial25519 done
Event: 0.276 loading class java/math/MutableBigInteger
Event: 0.277 loading class java/math/MutableBigInteger done
Event: 0.277 loading class sun/security/util/math/intpoly/Curve25519OrderField
Event: 0.277 loading class sun/security/util/math/intpoly/Curve25519OrderField done
Event: 0.277 loading class sun/security/util/math/intpoly/IntegerPolynomial$ImmutableElement
Event: 0.277 loading class sun/security/util/math/ImmutableIntegerModuloP
Event: 0.277 loading class sun/security/util/math/IntegerModuloP
Event: 0.277 loading class sun/security/util/math/IntegerModuloP done
Event: 0.277 loading class sun/security/util/math/ImmutableIntegerModuloP done
Event: 0.277 loading class sun/security/util/math/intpoly/IntegerPolynomial$Element
Event: 0.277 loading class sun/security/util/math/intpoly/IntegerPolynomial$Element done
Event: 0.277 loading class sun/security/util/math/intpoly/IntegerPolynomial$ImmutableElement done
Event: 0.278 loading class sun/security/util/math/intpoly/IntegerPolynomial$Limb
Event: 0.278 loading class sun/security/util/math/SmallValue
Event: 0.278 loading class sun/security/util/math/SmallValue done
Event: 0.278 loading class sun/security/util/math/intpoly/IntegerPolynomial$Limb done
Event: 0.279 loading class sun/security/util/math/intpoly/IntegerPolynomial448


Dynamic libraries:
0x00007ff7fbb60000 - 0x00007ff7fbb6a000 	C:\Users\pro\AppData\Local\Programs\IntelliJ IDEA Ultimate\jbr\bin\java.exe
0x00007ffb28c10000 - 0x00007ffb28e26000 	C:\WINDOWS\SYSTEM32\ntdll.dll
0x00007ffb279d0000 - 0x00007ffb27a94000 	C:\WINDOWS\System32\KERNEL32.DLL
0x00007ffb26340000 - 0x00007ffb266e6000 	C:\WINDOWS\System32\KERNELBASE.dll
0x00007ffb266f0000 - 0x00007ffb26801000 	C:\WINDOWS\System32\ucrtbase.dll
0x00007ffb20190000 - 0x00007ffb201a7000 	C:\Users\pro\AppData\Local\Programs\IntelliJ IDEA Ultimate\jbr\bin\jli.dll
0x00007ffb05770000 - 0x00007ffb0578b000 	C:\Users\pro\AppData\Local\Programs\IntelliJ IDEA Ultimate\jbr\bin\VCRUNTIME140.dll
0x00007ffb26960000 - 0x00007ffb26b0d000 	C:\WINDOWS\System32\USER32.dll
0x00007ffb19ee0000 - 0x00007ffb1a173000 	C:\WINDOWS\WinSxS\amd64_microsoft.windows.common-controls_6595b64144ccf1df_6.0.22621.3235_none_270f74e173860f98\COMCTL32.dll
0x00007ffb25f50000 - 0x00007ffb25f76000 	C:\WINDOWS\System32\win32u.dll
0x00007ffb282f0000 - 0x00007ffb28397000 	C:\WINDOWS\System32\msvcrt.dll
0x00007ffb279a0000 - 0x00007ffb279c9000 	C:\WINDOWS\System32\GDI32.dll
0x00007ffb26810000 - 0x00007ffb26928000 	C:\WINDOWS\System32\gdi32full.dll
0x00007ffb261e0000 - 0x00007ffb2627a000 	C:\WINDOWS\System32\msvcp_win.dll
0x00007ffb28ae0000 - 0x00007ffb28b11000 	C:\WINDOWS\System32\IMM32.DLL
0x00007ffb05630000 - 0x00007ffb0563c000 	C:\Users\pro\AppData\Local\Programs\IntelliJ IDEA Ultimate\jbr\bin\vcruntime140_1.dll
0x00007ffadc270000 - 0x00007ffadc2fd000 	C:\Users\pro\AppData\Local\Programs\IntelliJ IDEA Ultimate\jbr\bin\msvcp140.dll
0x00007ffad6c40000 - 0x00007ffad78c3000 	C:\Users\pro\AppData\Local\Programs\IntelliJ IDEA Ultimate\jbr\bin\server\jvm.dll
0x00007ffb283a0000 - 0x00007ffb28452000 	C:\WINDOWS\System32\ADVAPI32.dll
0x00007ffb27e10000 - 0x00007ffb27eb8000 	C:\WINDOWS\System32\sechost.dll
0x00007ffb26930000 - 0x00007ffb26958000 	C:\WINDOWS\System32\bcrypt.dll
0x00007ffb286c0000 - 0x00007ffb287d5000 	C:\WINDOWS\System32\RPCRT4.dll
0x00007ffab1610000 - 0x00007ffab1619000 	C:\WINDOWS\SYSTEM32\WSOCK32.dll
0x00007ffb25860000 - 0x00007ffb258ad000 	C:\WINDOWS\SYSTEM32\POWRPROF.dll
0x00007ffb19770000 - 0x00007ffb197a4000 	C:\WINDOWS\SYSTEM32\WINMM.dll
0x00007ffb27ac0000 - 0x00007ffb27b31000 	C:\WINDOWS\System32\WS2_32.dll
0x00007ffb1e200000 - 0x00007ffb1e20a000 	C:\WINDOWS\SYSTEM32\VERSION.dll
0x00007ffb257d0000 - 0x00007ffb257e3000 	C:\WINDOWS\SYSTEM32\UMPDC.dll
0x00007ffb24ef0000 - 0x00007ffb24f08000 	C:\WINDOWS\SYSTEM32\kernel.appcore.dll
0x00007ffb20e50000 - 0x00007ffb20e5a000 	C:\Users\pro\AppData\Local\Programs\IntelliJ IDEA Ultimate\jbr\bin\jimage.dll
0x00007ffb1ed80000 - 0x00007ffb1efb3000 	C:\WINDOWS\SYSTEM32\DBGHELP.DLL
0x00007ffb27f60000 - 0x00007ffb282e8000 	C:\WINDOWS\System32\combase.dll
0x00007ffb26be0000 - 0x00007ffb26cb7000 	C:\WINDOWS\System32\OLEAUT32.dll
0x00007ffb1ded0000 - 0x00007ffb1df02000 	C:\WINDOWS\SYSTEM32\dbgcore.DLL
0x00007ffb25f80000 - 0x00007ffb25ffa000 	C:\WINDOWS\System32\bcryptPrimitives.dll
0x00007ffb20cb0000 - 0x00007ffb20cd5000 	C:\Users\pro\AppData\Local\Programs\IntelliJ IDEA Ultimate\jbr\bin\java.dll
0x00007ffb20c90000 - 0x00007ffb20ca8000 	C:\Users\pro\AppData\Local\Programs\IntelliJ IDEA Ultimate\jbr\bin\zip.dll
0x00007ffb27140000 - 0x00007ffb2799d000 	C:\WINDOWS\System32\SHELL32.dll
0x00007ffb23e60000 - 0x00007ffb24758000 	C:\WINDOWS\SYSTEM32\windows.storage.dll
0x00007ffb23d20000 - 0x00007ffb23e5e000 	C:\WINDOWS\SYSTEM32\wintypes.dll
0x00007ffb28460000 - 0x00007ffb28553000 	C:\WINDOWS\System32\SHCORE.dll
0x00007ffb26b10000 - 0x00007ffb26b6e000 	C:\WINDOWS\System32\shlwapi.dll
0x00007ffb25e80000 - 0x00007ffb25ea6000 	C:\WINDOWS\SYSTEM32\profapi.dll
0x00007ffb20c70000 - 0x00007ffb20c89000 	C:\Users\pro\AppData\Local\Programs\IntelliJ IDEA Ultimate\jbr\bin\net.dll
0x00007ffb21350000 - 0x00007ffb21487000 	C:\WINDOWS\SYSTEM32\WINHTTP.dll
0x00007ffb253c0000 - 0x00007ffb25429000 	C:\WINDOWS\system32\mswsock.dll
0x00007ffb20bd0000 - 0x00007ffb20be6000 	C:\Users\pro\AppData\Local\Programs\IntelliJ IDEA Ultimate\jbr\bin\nio.dll
0x00007ffb20d00000 - 0x00007ffb20d0e000 	C:\Users\pro\AppData\Local\Programs\IntelliJ IDEA Ultimate\jbr\bin\sunmscapi.dll
0x00007ffb26070000 - 0x00007ffb261d6000 	C:\WINDOWS\System32\CRYPT32.dll
0x00007ffb25910000 - 0x00007ffb2593e000 	C:\WINDOWS\SYSTEM32\ncrypt.dll
0x00007ffb258d0000 - 0x00007ffb25907000 	C:\WINDOWS\SYSTEM32\NTASN1.dll
0x00007ffb25780000 - 0x00007ffb2579b000 	C:\WINDOWS\SYSTEM32\CRYPTSP.dll
0x00007ffb24eb0000 - 0x00007ffb24ee5000 	C:\WINDOWS\system32\rsaenh.dll
0x00007ffb25460000 - 0x00007ffb2548c000 	C:\WINDOWS\SYSTEM32\USERENV.dll
0x00007ffb256f0000 - 0x00007ffb256fc000 	C:\WINDOWS\SYSTEM32\CRYPTBASE.dll
0x00007ffb249c0000 - 0x00007ffb249ed000 	C:\WINDOWS\SYSTEM32\IPHLPAPI.DLL
0x00007ffb27b40000 - 0x00007ffb27b49000 	C:\WINDOWS\System32\NSI.dll
0x00007ffb21330000 - 0x00007ffb21349000 	C:\WINDOWS\SYSTEM32\dhcpcsvc6.DLL
0x00007ffb212d0000 - 0x00007ffb212ef000 	C:\WINDOWS\SYSTEM32\dhcpcsvc.DLL
0x00007ffb24a30000 - 0x00007ffb24b29000 	C:\WINDOWS\SYSTEM32\DNSAPI.dll

dbghelp: loaded successfully - version: 4.0.5 - missing functions: none
symbol engine: initialized successfully - sym options: 0x614 - pdb path: .;C:\Users\pro\AppData\Local\Programs\IntelliJ IDEA Ultimate\jbr\bin;C:\WINDOWS\SYSTEM32;C:\WINDOWS\WinSxS\amd64_microsoft.windows.common-controls_6595b64144ccf1df_6.0.22621.3235_none_270f74e173860f98;C:\Users\pro\AppData\Local\Programs\IntelliJ IDEA Ultimate\jbr\bin\server

VM Arguments:
java_command: git4idea.http.GitAskPassApp Username for 'https://gitee.com': 
java_class_path (initial): C:/Users/pro/AppData/Local/Programs/IntelliJ IDEA Ultimate/plugins/vcs-git/lib/git4idea-rt.jar;C:/Users/pro/AppData/Local/Programs/IntelliJ IDEA Ultimate/lib/externalProcess-rt.jar
Launcher Type: SUN_STANDARD

[Global flags]
     intx CICompilerCount                          = 4                                         {product} {ergonomic}
     uint ConcGCThreads                            = 3                                         {product} {ergonomic}
     uint G1ConcRefinementThreads                  = 10                                        {product} {ergonomic}
   size_t G1HeapRegionSize                         = 4194304                                   {product} {ergonomic}
    uintx GCDrainStackTargetSize                   = 64                                        {product} {ergonomic}
   size_t InitialHeapSize                          = 536870912                                 {product} {ergonomic}
   size_t MarkStackSize                            = 4194304                                   {product} {ergonomic}
   size_t MaxHeapSize                              = 8543797248                                {product} {ergonomic}
   size_t MaxNewSize                               = 5125439488                                {product} {ergonomic}
   size_t MinHeapDeltaBytes                        = 4194304                                   {product} {ergonomic}
   size_t MinHeapSize                              = 8388608                                   {product} {ergonomic}
    uintx NonNMethodCodeHeapSize                   = 5839372                                {pd product} {ergonomic}
    uintx NonProfiledCodeHeapSize                  = 122909434                              {pd product} {ergonomic}
    uintx ProfiledCodeHeapSize                     = 122909434                              {pd product} {ergonomic}
    uintx ReservedCodeCacheSize                    = 251658240                              {pd product} {ergonomic}
     bool SegmentedCodeCache                       = true                                      {product} {ergonomic}
   size_t SoftMaxHeapSize                          = 8543797248                             {manageable} {ergonomic}
     bool UseCompressedClassPointers               = true                           {product lp64_product} {ergonomic}
     bool UseCompressedOops                        = true                           {product lp64_product} {ergonomic}
     bool UseG1GC                                  = true                                      {product} {ergonomic}
     bool UseLargePagesIndividualAllocation        = false                                  {pd product} {ergonomic}

Logging:
Log output configuration:
 #0: stdout all=warning uptime,level,tags
 #1: stderr all=off uptime,level,tags

Environment Variables:
JAVA_HOME=C:\Program Files\Java\jdk-11
PATH=C:/Program Files/Git/mingw64/libexec/git-core;C:/Program Files/Git/mingw64/libexec/git-core;C:\Program Files\Git\mingw64\bin;C:\Program Files\Git\usr\bin;C:\Users\pro\bin;C:\Program Files\Common Files\Oracle\Java\javapath;C:\Program Files (x86)\Common Files\Oracle\Java\javapath;C:\WINDOWS\system32;C:\WINDOWS;C:\WINDOWS\System32\Wbem;C:\WINDOWS\System32\WindowsPowerShell\v1.0\;C:\WINDOWS\System32\OpenSSH\;C:\Program Files\dotnet\;C:\Program Files\Docker\Docker\resources\bin;C:\Program Files\Java\jre-1.8\bin;C:\Users\pro\.m2\apache-maven-3.6.3\bin;C:\Users\pro\.m2\apache-maven-3.6.3\bin;C:\Program Files\Git\cmd;C:\platform-tools;C:\Program Files\Go\bin;C:\Program Files\nodejs\;C:\Users\pro\AppData\Local\Microsoft\WindowsApps;C:\Users\pro\AppData\Local\GitHubDesktop\bin;C:\Users\pro\AppData\Local\JetBrains\Toolbox\scripts;C:\Users\pro\AppData\Local\Programs\Microsoft VS Code\bin;C:\Users\pro\go\bin;C:\Users\pro\AppData\Roaming\npm
USERNAME=pro
DISPLAY=:0.0
LC_ALL=en_US.UTF-8
TERM=xterm-256color
TMPDIR=C:\Users\pro\AppData\Local\Temp
OS=Windows_NT
PROCESSOR_IDENTIFIER=Intel64 Family 6 Model 151 Stepping 5, GenuineIntel
TMP=C:\Users\pro\AppData\Local\Temp
TEMP=C:\Users\pro\AppData\Local\Temp



Periodic native trim disabled

JNI global refs:
JNI global refs: 19, weak refs: 0

JNI global refs memory usage: 843, weak refs: 209

OOME stack traces (most recent first):
Classloader memory used:
Loader bootstrap                                                                       : 1454K
Loader jdk.internal.loader.ClassLoaders$PlatformClassLoader                            : 58025B
Loader jdk.internal.loader.ClassLoaders$AppClassLoader                                 : 1808B


---------------  S Y S T E M  ---------------

OS:
 Windows 11 , 64 bit Build 22621 (10.0.22621.3235)
OS uptime: 15 days 6:35 hours
Hyper-V role detected

CPU: total 12 (initial active 12) (6 cores per cpu, 2 threads per core) family 6 model 151 stepping 5 microcode 0x26, cx8, cmov, fxsr, ht, mmx, 3dnowpref, sse, sse2, sse3, ssse3, sse4.1, sse4.2, popcnt, lzcnt, tsc, tscinvbit, avx, avx2, aes, erms, clmul, bmi1, bmi2, adx, sha, fma, vzeroupper, clflush, clflushopt, clwb, hv
Processor Information for all 12 processors :
  Max Mhz: 2500, Current Mhz: 2500, Mhz Limit: 2500

Memory: 4k page, system-wide physical 32581M (1933M free)
TotalPageFile size 64216M (AvailPageFile size 0M)
current process WorkingSet (physical memory assigned to process): 56M, peak: 56M
current process commit charge ("private bytes"): 619M, peak: 620M

vm_info: OpenJDK 64-Bit Server VM (17.0.10+1-b1087.23) for windows-amd64 JRE (17.0.10+1-b1087.23), built on 2024-03-18 by "builduser" with MS VC++ 16.10 / 16.11 (VS2019)

END.
