{
  "code" : 403,
  "errors" : [ {
    "domain" : "usageLimits",
    "message" : "Google Play Android Developer API has not been used in project 624486392195 before or it is disabled. Enable it by visiting https://console.developers.google.com/apis/api/androidpublisher.googleapis.com/overview?project=624486392195 then retry. If you enabled this API recently, wait a few minutes for the action to propagate to our systems and retry.",
    "reason" : "accessNotConfigured",
    "extendedHelp" : "https://console.developers.google.com"
  } ],
  "message" : "Google Play Android Developer API has not been used in project 624486392195 before or it is disabled. Enable it by visiting https://console.developers.google.com/apis/api/androidpublisher.googleapis.com/overview?project=624486392195 then retry. If you enabled this API recently, wait a few minutes for the action to propagate to our systems and retry.",
  "status" : "PERMISSION_DENIED",
  "details" : [ {
    "@type" : "type.googleapis.com/google.rpc.Help",
    "links" : [ {
      "description" : "Google developers console API activation",
      "url" : "https://console.developers.google.com/apis/api/androidpublisher.googleapis.com/overview?project=624486392195"
    } ]
  }, {
    "@type" : "type.googleapis.com/google.rpc.ErrorInfo",
    "reason" : "SERVICE_DISABLED",
    "domain" : "googleapis.com",
    "metadata" : {
      "service" : "androidpublisher.googleapis.com",
      "consumer" : "projects/624486392195"
    }
  } ]
}